Microsoft (R) Macro Assembler Version 14.29.30146.0	    09/22/22 20:41:39
lr_02.asm						     Page 1 - 1


				.586P
				.MODEL FLAT, STDCALL
				includelib kernel32.lib
				ExitProcess		PROTO : DWORD
				MessageBoxA PROTO : DWORD, : DWORD, : DWORD, : DWORD

				.STACK 4096
 00000000			.CONST

 00000000			.DATA

 00000000 00000005			var1 DD 5
 00000004 00000003			var2 DD 3
 00000008 50 72 6F 67 72		str0 DB "Programm", 0
	   61 6D 6D 00
 00000011 52 65 73 75 6C		str1 DB "Result = < >", 0
	   74 20 3D 20 3C
	   20 3E 00

 00000000			.CODE

 00000000			main PROC
 00000000			START:

 00000000  A1 00000000 R		mov eax, var1
 00000005  03 05 00000004 R		add eax, var2	
 0000000B  83 C0 30			add eax, 30h

 0000000E  A2 0000001B R		mov str1+10, al
					
					INVOKE MessageBoxA, 0, offset str1, offset str0, 0

 00000026  6A 00			push 0
 00000028  E8 00000000 E		call ExitProcess
 0000002D			main ENDP
				end main
Microsoft (R) Macro Assembler Version 14.29.30146.0	    09/22/22 20:41:39
lr_02.asm						     Symbols 2 - 1




Segments and Groups:

                N a m e                 Size     Length   Align   Combine Class

CONST  . . . . . . . . . . . . .	32 Bit	 00000000 Para	  Public  'CONST'	 ReadOnly
FLAT . . . . . . . . . . . . . .	GROUP
STACK  . . . . . . . . . . . . .	32 Bit	 00001000 Para	  Stack	  'STACK'	 
_DATA  . . . . . . . . . . . . .	32 Bit	 0000001E Para	  Public  'DATA'	
_TEXT  . . . . . . . . . . . . .	32 Bit	 0000002D Para	  Public  'CODE'	


Procedures, parameters, and locals:

                N a m e                 Type     Value    Attr

ExitProcess  . . . . . . . . . .	P Near	 00000000 FLAT	Length= 00000000 External STDCALL
MessageBoxA  . . . . . . . . . .	P Near	 00000000 FLAT	Length= 00000000 External STDCALL
main . . . . . . . . . . . . . .	P Near	 00000000 _TEXT	Length= 0000002D Public STDCALL
  START  . . . . . . . . . . . .	L Near	 00000000 _TEXT	


Symbols:

                N a m e                 Type     Value    Attr

@CodeSize  . . . . . . . . . . .	Number	 00000000h   
@DataSize  . . . . . . . . . . .	Number	 00000000h   
@Interface . . . . . . . . . . .	Number	 00000003h   
@Model . . . . . . . . . . . . .	Number	 00000007h   
@code  . . . . . . . . . . . . .	Text   	 _TEXT
@data  . . . . . . . . . . . . .	Text   	 FLAT
@fardata?  . . . . . . . . . . .	Text   	 FLAT
@fardata . . . . . . . . . . . .	Text   	 FLAT
@stack . . . . . . . . . . . . .	Text   	 FLAT
str0 . . . . . . . . . . . . . .	Byte	 00000008 _DATA	
str1 . . . . . . . . . . . . . .	Byte	 00000011 _DATA	
var1 . . . . . . . . . . . . . .	DWord	 00000000 _DATA	
var2 . . . . . . . . . . . . . .	DWord	 00000004 _DATA	

	   0 Warnings
	   0 Errors
